<?xml version="1.0" encoding="UTF-8"?>
<coverage generated="1594393643324" clover="3.2.0">
  <project timestamp="1594393643324" name="All files">
    <metrics statements="31" coveredstatements="31" conditionals="2" coveredconditionals="2" methods="2" coveredmethods="2" elements="35" coveredelements="35" complexity="0" loc="31" ncloc="31" packages="1" files="1" classes="1"/>
    <file name="seed.js" path="/Users/nzabalza/Immersive/Sprints/FEC/ProductRecommendations/db/seed.js">
      <metrics statements="31" coveredstatements="31" conditionals="2" coveredconditionals="2" methods="2" coveredmethods="2"/>
      <line num="1" count="1" type="stmt"/>
      <line num="2" count="1" type="stmt"/>
      <line num="3" count="1" type="stmt"/>
      <line num="5" count="1" type="stmt"/>
      <line num="6" count="1" type="stmt"/>
      <line num="8" count="1" type="stmt"/>
      <line num="9" count="1498" type="stmt"/>
      <line num="11" count="1498" type="cond" truecount="2" falsecount="0"/>
      <line num="12" count="13" type="stmt"/>
      <line num="15" count="1485" type="stmt"/>
      <line num="18" count="1" type="stmt"/>
      <line num="19" count="1" type="stmt"/>
      <line num="20" count="1" type="stmt"/>
      <line num="22" count="1" type="stmt"/>
      <line num="23" count="3" type="stmt"/>
      <line num="28" count="3" type="stmt"/>
      <line num="29" count="297" type="stmt"/>
      <line num="30" count="297" type="stmt"/>
      <line num="31" count="297" type="stmt"/>
      <line num="33" count="297" type="stmt"/>
      <line num="34" count="1485" type="stmt"/>
      <line num="35" count="1485" type="stmt"/>
      <line num="37" count="1485" type="stmt"/>
      <line num="40" count="297" type="stmt"/>
      <line num="42" count="297" type="stmt"/>
      <line num="46" count="1" type="stmt"/>
      <line num="47" count="1" type="stmt"/>
      <line num="48" count="1" type="stmt"/>
      <line num="50" count="1" type="stmt"/>
      <line num="51" count="1" type="stmt"/>
      <line num="52" count="1" type="stmt"/>
    </file>
  </project>
</coverage>
