{"/Users/nzabalza/Immersive/Sprints/FEC/ProductRecommendations/db/seed.js": {"path":"/Users/nzabalza/Immersive/Sprints/FEC/ProductRecommendations/db/seed.js","statementMap":{"0":{"start":{"line":1,"column":24},"end":{"line":1,"column":99}},"1":{"start":{"line":2,"column":21},"end":{"line":2,"column":96}},"2":{"start":{"line":3,"column":19},"end":{"line":3,"column":94}},"3":{"start":{"line":5,"column":18},"end":{"line":5,"column":21}},"4":{"start":{"line":6,"column":18},"end":{"line":6,"column":21}},"5":{"start":{"line":8,"column":26},"end":{"line":16,"column":1}},"6":{"start":{"line":9,"column":22},"end":{"line":9,"column":89}},"7":{"start":{"line":11,"column":2},"end":{"line":13,"column":3}},"8":{"start":{"line":12,"column":4},"end":{"line":12,"column":40}},"9":{"start":{"line":15,"column":2},"end":{"line":15,"column":32}},"10":{"start":{"line":18,"column":22},"end":{"line":18,"column":39}},"11":{"start":{"line":19,"column":19},"end":{"line":19,"column":33}},"12":{"start":{"line":20,"column":17},"end":{"line":20,"column":29}},"13":{"start":{"line":22,"column":21},"end":{"line":44,"column":1}},"14":{"start":{"line":23,"column":14},"end":{"line":23,"column":35}},"15":{"start":{"line":28,"column":2},"end":{"line":43,"column":3}},"16":{"start":{"line":29,"column":22},"end":{"line":29,"column":39}},"17":{"start":{"line":30,"column":32},"end":{"line":30,"column":34}},"18":{"start":{"line":31,"column":41},"end":{"line":31,"column":42}},"19":{"start":{"line":33,"column":4},"end":{"line":38,"column":5}},"20":{"start":{"line":34,"column":33},"end":{"line":34,"column":61}},"21":{"start":{"line":35,"column":6},"end":{"line":35,"column":51}},"22":{"start":{"line":37,"column":6},"end":{"line":37,"column":39}},"23":{"start":{"line":40,"column":4},"end":{"line":40,"column":70}},"24":{"start":{"line":42,"column":4},"end":{"line":42,"column":12}},"25":{"start":{"line":46,"column":0},"end":{"line":46,"column":28}},"26":{"start":{"line":47,"column":0},"end":{"line":47,"column":25}},"27":{"start":{"line":48,"column":0},"end":{"line":48,"column":23}},"28":{"start":{"line":50,"column":0},"end":{"line":50,"column":45}},"29":{"start":{"line":51,"column":0},"end":{"line":51,"column":39}},"30":{"start":{"line":52,"column":0},"end":{"line":52,"column":35}}},"fnMap":{"0":{"name":"(anonymous_0)","decl":{"start":{"line":8,"column":26},"end":{"line":8,"column":27}},"loc":{"start":{"line":8,"column":47},"end":{"line":16,"column":1}},"line":8},"1":{"name":"(anonymous_1)","decl":{"start":{"line":22,"column":21},"end":{"line":22,"column":22}},"loc":{"start":{"line":22,"column":38},"end":{"line":44,"column":1}},"line":22}},"branchMap":{"0":{"loc":{"start":{"line":11,"column":2},"end":{"line":13,"column":3}},"type":"if","locations":[{"start":{"line":11,"column":2},"end":{"line":13,"column":3}},{"start":{"line":11,"column":2},"end":{"line":13,"column":3}}],"line":11}},"s":{"0":1,"1":1,"2":1,"3":1,"4":1,"5":1,"6":1499,"7":1499,"8":14,"9":1485,"10":1,"11":1,"12":1,"13":1,"14":3,"15":3,"16":297,"17":297,"18":297,"19":297,"20":1485,"21":1485,"22":1485,"23":297,"24":297,"25":1,"26":1,"27":1,"28":1,"29":1,"30":1},"f":{"0":1499,"1":3},"b":{"0":[14,1485]},"_coverageSchema":"1a1c01bbd47fc00a2c39e90264f33305004495a9","hash":"1a14fffebb9daf9be47b29b0ce66ab8dd8afd534"}
}
